[2023-01-26 11:07:24 INFO]: install::setup-logging ended
================
[2023-01-26 11:07:24 INFO]: install::start-up started
[2023-01-26 11:07:24 INFO]: install::start-up build image
[2023-01-26 11:07:24 INFO]: install::start-up running image
[2023-01-26 11:07:24 INFO]: install::start-up ended
================
[2023-01-26 11:08:43 INFO]: install::root-check started
[2023-01-26 11:08:43 INFO]: install::root-check ended
================
[2023-01-26 11:08:43 INFO]: install::docker-check started
[2023-01-26 11:08:43 INFO]: install::docker-check ended
================
[2023-01-26 11:08:43 INFO]: install::docker-compose-check started
[2023-01-26 11:08:43 INFO]: install::docker-compose-check ended
================
[2023-01-26 11:08:43 INFO]: install::tear-down started
[2023-01-26 11:08:43 INFO]: install::tear-down stoping services
[2023-01-26 11:08:43 INFO]: install::tear-down ended
================
[2023-01-26 11:09:47 INFO]: install::root-check started
[2023-01-26 11:09:47 INFO]: install::root-check ended
================
[2023-01-26 11:09:47 INFO]: install::docker-check started
[2023-01-26 11:09:47 INFO]: install::docker-check ended
================
[2023-01-26 11:09:47 INFO]: install::docker-compose-check started
[2023-01-26 11:09:47 INFO]: install::docker-compose-check ended
================
[2023-01-26 11:09:47 INFO]: install::tear-down started
[2023-01-26 11:09:47 INFO]: install::tear-down stoping services
[2023-01-26 11:09:47 INFO]: install::tear-down ended
================
